# JRE version: Java(TM) SE Runtime Environment (17.0.4.1+1) (build 17.0.4.1+1-LTS-2)
# Java VM: Java HotSpot(TM) 64-Bit Server VM (17.0.4.1+1-LTS-2, mixed mode, sharing, tiered, compressed oops, compressed class ptrs, g1 gc, windows-amd64)
GC Precious Log:
 CPUs: 4 total, 4 available
 Memory: 7886M
 Large Page Support: Disabled
 NUMA Support: Disabled
 Compressed Oops: Enabled (32-bit)
 Heap Region Size: 1M
 Heap Min Capacity: 8M
 Heap Initial Capacity: 124M
 Heap Max Capacity: 1972M
 Pre-touch: Disabled
 Parallel Workers: 4
 Concurrent Workers: 1
 Concurrent Refinement Workers: 4
 Periodic GC: Disabled
Heap:
 garbage-first heap   total 126976K, used 21145K [0x0000000084c00000, 0x0000000100000000)
  region size 1024K, 20 young (20480K), 8 survivors (8192K)
 Metaspace       used 19944K, committed 20160K, reserved 1073152K
  class space    used 2339K, committed 2432K, reserved 1048576K
GC Heap History (8 events):
Event: 3.722 GC heap before
{Heap before GC invocations=0 (full 0):
 garbage-first heap   total 126976K, used 12288K [0x0000000084c00000, 0x0000000100000000)
  region size 1024K, 13 young (13312K), 0 survivors (0K)
 Metaspace       used 1849K, committed 2048K, reserved 1056768K
  class space    used 183K, committed 256K, reserved 1048576K
}
Event: 3.727 GC heap after
{Heap after GC invocations=1 (full 0):
 garbage-first heap   total 126976K, used 2048K [0x0000000084c00000, 0x0000000100000000)
  region size 1024K, 2 young (2048K), 2 survivors (2048K)
 Metaspace       used 1849K, committed 2048K, reserved 1056768K
  class space    used 183K, committed 256K, reserved 1048576K
}
Event: 4.009 GC heap before
{Heap before GC invocations=1 (full 0):
 garbage-first heap   total 126976K, used 18432K [0x0000000084c00000, 0x0000000100000000)
  region size 1024K, 18 young (18432K), 2 survivors (2048K)
 Metaspace       used 3297K, committed 3456K, reserved 1056768K
  class space    used 372K, committed 448K, reserved 1048576K
}
Event: 4.013 GC heap after
{Heap after GC invocations=2 (full 0):
 garbage-first heap   total 126976K, used 2567K [0x0000000084c00000, 0x0000000100000000)
  region size 1024K, 1 young (1024K), 1 survivors (1024K)
 Metaspace       used 3297K, committed 3456K, reserved 1056768K
  class space    used 372K, committed 448K, reserved 1048576K
}
Event: 5.163 GC heap before
{Heap before GC invocations=2 (full 0):
 garbage-first heap   total 126976K, used 77319K [0x0000000084c00000, 0x0000000100000000)
  region size 1024K, 74 young (75776K), 1 survivors (1024K)
 Metaspace       used 9993K, committed 10176K, reserved 1064960K
  class space    used 1214K, committed 1280K, reserved 1048576K
}
Event: 5.170 GC heap after
{Heap after GC invocations=3 (full 0):
 garbage-first heap   total 126976K, used 4939K [0x0000000084c00000, 0x0000000100000000)
  region size 1024K, 3 young (3072K), 3 survivors (3072K)
 Metaspace       used 9993K, committed 10176K, reserved 1064960K
  class space    used 1214K, committed 1280K, reserved 1048576K
}
Event: 8.334 GC heap before
{Heap before GC invocations=3 (full 0):
 garbage-first heap   total 126976K, used 77643K [0x0000000084c00000, 0x0000000100000000)
  region size 1024K, 74 young (75776K), 3 survivors (3072K)
 Metaspace       used 19125K, committed 19392K, reserved 1073152K
  class space    used 2254K, committed 2368K, reserved 1048576K
}
Event: 8.341 GC heap after
{Heap after GC invocations=4 (full 0):
 garbage-first heap   total 126976K, used 9881K [0x0000000084c00000, 0x0000000100000000)
  region size 1024K, 8 young (8192K), 8 survivors (8192K)
 Metaspace       used 19125K, committed 19392K, reserved 1073152K
  class space    used 2254K, committed 2368K, reserved 1048576K
}

